This file contains any messages produced by compilers while
running configure, to aid debugging if configure makes a mistake.

It was created by c00clupea configure 01, which was
generated by GNU Autoconf 2.69.  Invocation command line was

  $ ./configure 

## --------- ##
## Platform. ##
## --------- ##

hostname = Christophs-MacBook-Pro-2.local
uname -m = x86_64
uname -r = 13.3.0
uname -s = Darwin
uname -v = Darwin Kernel Version 13.3.0: Tue Jun  3 21:27:35 PDT 2014; root:xnu-2422.110.17~1/RELEASE_X86_64

/usr/bin/uname -p = i386
/bin/uname -X     = unknown

/bin/arch              = unknown
/usr/bin/arch -k       = unknown
/usr/convex/getsysinfo = unknown
/usr/bin/hostinfo      = Mach kernel version:
	 Darwin Kernel Version 13.3.0: Tue Jun  3 21:27:35 PDT 2014; root:xnu-2422.110.17~1/RELEASE_X86_64
Kernel configured for up to 4 processors.
2 processors are physically available.
4 processors are logically available.
Processor type: i486 (Intel 80486)
Processors active: 0 1 2 3
Primary memory available: 8.00 gigabytes
Default processor set: 231 tasks, 1190 threads, 4 processors
Load average: 0.91, Mach factor: 3.10
/bin/machine           = unknown
/usr/bin/oslevel       = unknown
/bin/universe          = unknown

PATH: /Users/sec15334/anaconda/bin
PATH: /opt/local/bin
PATH: /opt/local/sbin
PATH: /Library/Frameworks/Python.framework/Versions/2.7/bin
PATH: /usr/bin
PATH: /bin
PATH: /usr/sbin
PATH: /sbin
PATH: /usr/local/bin
PATH: /opt/X11/bin
PATH: /usr/local/git/bin
PATH: /usr/local/MacGPG2/bin
PATH: /opt/local/bin/
PATH: /usr/texbin
PATH: /usr/bin
PATH: /bin
PATH: /usr/sbin
PATH: /sbin
PATH: /usr/texbin
PATH: /usr/local/texlive/2013/bin


## ----------- ##
## Core tests. ##
## ----------- ##

configure:2297: checking for a BSD-compatible install
configure:2365: result: /usr/bin/install -c
configure:2376: checking whether build environment is sane
configure:2431: result: yes
configure:2582: checking for a thread-safe mkdir -p
configure:2621: result: ./install-sh -c -d
configure:2628: checking for gawk
configure:2658: result: no
configure:2628: checking for mawk
configure:2658: result: no
configure:2628: checking for nawk
configure:2658: result: no
configure:2628: checking for awk
configure:2644: found /usr/bin/awk
configure:2655: result: awk
configure:2666: checking whether make sets $(MAKE)
configure:2688: result: yes
configure:2717: checking whether make supports nested variables
configure:2734: result: yes
configure:2908: checking for gcc
configure:2924: found /usr/bin/gcc
configure:2935: result: gcc
configure:3164: checking for C compiler version
configure:3173: gcc --version >&5
Apple LLVM version 5.1 (clang-503.0.40) (based on LLVM 3.4svn)
Target: x86_64-apple-darwin13.3.0
Thread model: posix
Configured with: --prefix=/Applications/Xcode.app/Contents/Developer/usr --with-gxx-include-dir=/usr/include/c++/4.2.1
configure:3184: $? = 0
configure:3173: gcc -v >&5
Configured with: --prefix=/Applications/Xcode.app/Contents/Developer/usr --with-gxx-include-dir=/usr/include/c++/4.2.1
Apple LLVM version 5.1 (clang-503.0.40) (based on LLVM 3.4svn)
Target: x86_64-apple-darwin13.3.0
Thread model: posix
configure:3184: $? = 0
configure:3173: gcc -V >&5
clang: error: argument to '-V' is missing (expected 1 value)
clang: error: no input files
configure:3184: $? = 1
configure:3173: gcc -qversion >&5
clang: error: unknown argument: '-qversion' [-Wunused-command-line-argument-hard-error-in-future]
clang: note: this will be a hard error (cannot be downgraded to a warning) in the future
clang: error: no input files
configure:3184: $? = 1
configure:3204: checking whether the C compiler works
configure:3226: gcc    conftest.c  >&5
configure:3230: $? = 0
configure:3278: result: yes
configure:3281: checking for C compiler default output file name
configure:3283: result: a.out
configure:3289: checking for suffix of executables
configure:3296: gcc -o conftest    conftest.c  >&5
configure:3300: $? = 0
configure:3322: result: 
configure:3344: checking whether we are cross compiling
configure:3352: gcc -o conftest    conftest.c  >&5
configure:3356: $? = 0
configure:3363: ./conftest
configure:3367: $? = 0
configure:3382: result: no
configure:3387: checking for suffix of object files
configure:3409: gcc -c   conftest.c >&5
configure:3413: $? = 0
configure:3434: result: o
configure:3438: checking whether we are using the GNU C compiler
configure:3457: gcc -c   conftest.c >&5
configure:3457: $? = 0
configure:3466: result: yes
configure:3475: checking whether gcc accepts -g
configure:3495: gcc -c -g  conftest.c >&5
configure:3495: $? = 0
configure:3536: result: yes
configure:3553: checking for gcc option to accept ISO C89
configure:3616: gcc  -c -g -O2  conftest.c >&5
configure:3616: $? = 0
configure:3629: result: none needed
configure:3654: checking whether gcc understands -c and -o together
configure:3676: gcc -c conftest.c -o conftest2.o
configure:3679: $? = 0
configure:3676: gcc -c conftest.c -o conftest2.o
configure:3679: $? = 0
configure:3691: result: yes
configure:3719: checking for style of include used by make
configure:3747: result: GNU
configure:3773: checking dependency style of gcc
configure:3884: result: gcc3
configure:3909: checking how to run the C preprocessor
configure:3940: gcc -E  conftest.c
configure:3940: $? = 0
configure:3954: gcc -E  conftest.c
conftest.c:11:10: fatal error: 'ac_nonexistent.h' file not found
#include <ac_nonexistent.h>
         ^
1 error generated.
configure:3954: $? = 1
configure: failed program was:
| /* confdefs.h */
| #define PACKAGE_NAME "c00clupea"
| #define PACKAGE_TARNAME "c00clupea"
| #define PACKAGE_VERSION "01"
| #define PACKAGE_STRING "c00clupea 01"
| #define PACKAGE_BUGREPORT "christoph.pohl0@hm.edu"
| #define PACKAGE_URL ""
| #define PACKAGE "c00clupea"
| #define VERSION "01"
| /* end confdefs.h.  */
| #include <ac_nonexistent.h>
configure:3979: result: gcc -E
configure:3999: gcc -E  conftest.c
configure:3999: $? = 0
configure:4013: gcc -E  conftest.c
conftest.c:11:10: fatal error: 'ac_nonexistent.h' file not found
#include <ac_nonexistent.h>
         ^
1 error generated.
configure:4013: $? = 1
configure: failed program was:
| /* confdefs.h */
| #define PACKAGE_NAME "c00clupea"
| #define PACKAGE_TARNAME "c00clupea"
| #define PACKAGE_VERSION "01"
| #define PACKAGE_STRING "c00clupea 01"
| #define PACKAGE_BUGREPORT "christoph.pohl0@hm.edu"
| #define PACKAGE_URL ""
| #define PACKAGE "c00clupea"
| #define VERSION "01"
| /* end confdefs.h.  */
| #include <ac_nonexistent.h>
configure:4042: checking for grep that handles long lines and -e
configure:4100: result: /usr/bin/grep
configure:4105: checking for egrep
configure:4167: result: /usr/bin/grep -E
configure:4172: checking for ANSI C header files
configure:4192: gcc -c -g -O2  conftest.c >&5
configure:4192: $? = 0
configure:4265: gcc -o conftest -g -O2   conftest.c  >&5
configure:4265: $? = 0
configure:4265: ./conftest
configure:4265: $? = 0
configure:4276: result: yes
configure:4289: checking for sys/types.h
configure:4289: gcc -c -g -O2  conftest.c >&5
configure:4289: $? = 0
configure:4289: result: yes
configure:4289: checking for sys/stat.h
configure:4289: gcc -c -g -O2  conftest.c >&5
configure:4289: $? = 0
configure:4289: result: yes
configure:4289: checking for stdlib.h
configure:4289: gcc -c -g -O2  conftest.c >&5
configure:4289: $? = 0
configure:4289: result: yes
configure:4289: checking for string.h
configure:4289: gcc -c -g -O2  conftest.c >&5
configure:4289: $? = 0
configure:4289: result: yes
configure:4289: checking for memory.h
configure:4289: gcc -c -g -O2  conftest.c >&5
configure:4289: $? = 0
configure:4289: result: yes
configure:4289: checking for strings.h
configure:4289: gcc -c -g -O2  conftest.c >&5
configure:4289: $? = 0
configure:4289: result: yes
configure:4289: checking for inttypes.h
configure:4289: gcc -c -g -O2  conftest.c >&5
configure:4289: $? = 0
configure:4289: result: yes
configure:4289: checking for stdint.h
configure:4289: gcc -c -g -O2  conftest.c >&5
configure:4289: $? = 0
configure:4289: result: yes
configure:4289: checking for unistd.h
configure:4289: gcc -c -g -O2  conftest.c >&5
configure:4289: $? = 0
configure:4289: result: yes
configure:4304: checking arpa/inet.h usability
configure:4304: gcc -c -g -O2  conftest.c >&5
configure:4304: $? = 0
configure:4304: result: yes
configure:4304: checking arpa/inet.h presence
configure:4304: gcc -E  conftest.c
configure:4304: $? = 0
configure:4304: result: yes
configure:4304: checking for arpa/inet.h
configure:4304: result: yes
configure:4304: checking limits.h usability
configure:4304: gcc -c -g -O2  conftest.c >&5
configure:4304: $? = 0
configure:4304: result: yes
configure:4304: checking limits.h presence
configure:4304: gcc -E  conftest.c
configure:4304: $? = 0
configure:4304: result: yes
configure:4304: checking for limits.h
configure:4304: result: yes
configure:4304: checking netinet/in.h usability
configure:4304: gcc -c -g -O2  conftest.c >&5
configure:4304: $? = 0
configure:4304: result: yes
configure:4304: checking netinet/in.h presence
configure:4304: gcc -E  conftest.c
configure:4304: $? = 0
configure:4304: result: yes
configure:4304: checking for netinet/in.h
configure:4304: result: yes
configure:4304: checking for stdlib.h
configure:4304: result: yes
configure:4304: checking for string.h
configure:4304: result: yes
configure:4304: checking sys/socket.h usability
configure:4304: gcc -c -g -O2  conftest.c >&5
configure:4304: $? = 0
configure:4304: result: yes
configure:4304: checking sys/socket.h presence
configure:4304: gcc -E  conftest.c
configure:4304: $? = 0
configure:4304: result: yes
configure:4304: checking for sys/socket.h
configure:4304: result: yes
configure:4304: checking syslog.h usability
configure:4304: gcc -c -g -O2  conftest.c >&5
configure:4304: $? = 0
configure:4304: result: yes
configure:4304: checking syslog.h presence
configure:4304: gcc -E  conftest.c
configure:4304: $? = 0
configure:4304: result: yes
configure:4304: checking for syslog.h
configure:4304: result: yes
configure:4304: checking for unistd.h
configure:4304: result: yes
configure:4304: checking stdarg.h usability
configure:4304: gcc -c -g -O2  conftest.c >&5
configure:4304: $? = 0
configure:4304: result: yes
configure:4304: checking stdarg.h presence
configure:4304: gcc -E  conftest.c
configure:4304: $? = 0
configure:4304: result: yes
configure:4304: checking for stdarg.h
configure:4304: result: yes
configure:4304: checking for limits.h
configure:4304: result: yes
configure:4304: checking stdio.h usability
configure:4304: gcc -c -g -O2  conftest.c >&5
configure:4304: $? = 0
configure:4304: result: yes
configure:4304: checking stdio.h presence
configure:4304: gcc -E  conftest.c
configure:4304: $? = 0
configure:4304: result: yes
configure:4304: checking for stdio.h
configure:4304: result: yes
configure:4316: checking for size_t
configure:4316: gcc -c -g -O2  conftest.c >&5
configure:4316: $? = 0
configure:4316: gcc -c -g -O2  conftest.c >&5
conftest.c:68:21: error: expected expression
if (sizeof ((size_t)))
                    ^
1 error generated.
configure:4316: $? = 1
configure: failed program was:
| /* confdefs.h */
| #define PACKAGE_NAME "c00clupea"
| #define PACKAGE_TARNAME "c00clupea"
| #define PACKAGE_VERSION "01"
| #define PACKAGE_STRING "c00clupea 01"
| #define PACKAGE_BUGREPORT "christoph.pohl0@hm.edu"
| #define PACKAGE_URL ""
| #define PACKAGE "c00clupea"
| #define VERSION "01"
| #define STDC_HEADERS 1
| #define HAVE_SYS_TYPES_H 1
| #define HAVE_SYS_STAT_H 1
| #define HAVE_STDLIB_H 1
| #define HAVE_STRING_H 1
| #define HAVE_MEMORY_H 1
| #define HAVE_STRINGS_H 1
| #define HAVE_INTTYPES_H 1
| #define HAVE_STDINT_H 1
| #define HAVE_UNISTD_H 1
| #define HAVE_ARPA_INET_H 1
| #define HAVE_LIMITS_H 1
| #define HAVE_NETINET_IN_H 1
| #define HAVE_STDLIB_H 1
| #define HAVE_STRING_H 1
| #define HAVE_SYS_SOCKET_H 1
| #define HAVE_SYSLOG_H 1
| #define HAVE_UNISTD_H 1
| #define HAVE_STDARG_H 1
| #define HAVE_LIMITS_H 1
| #define HAVE_STDIO_H 1
| /* end confdefs.h.  */
| #include <stdio.h>
| #ifdef HAVE_SYS_TYPES_H
| # include <sys/types.h>
| #endif
| #ifdef HAVE_SYS_STAT_H
| # include <sys/stat.h>
| #endif
| #ifdef STDC_HEADERS
| # include <stdlib.h>
| # include <stddef.h>
| #else
| # ifdef HAVE_STDLIB_H
| #  include <stdlib.h>
| # endif
| #endif
| #ifdef HAVE_STRING_H
| # if !defined STDC_HEADERS && defined HAVE_MEMORY_H
| #  include <memory.h>
| # endif
| # include <string.h>
| #endif
| #ifdef HAVE_STRINGS_H
| # include <strings.h>
| #endif
| #ifdef HAVE_INTTYPES_H
| # include <inttypes.h>
| #endif
| #ifdef HAVE_STDINT_H
| # include <stdint.h>
| #endif
| #ifdef HAVE_UNISTD_H
| # include <unistd.h>
| #endif
| int
| main ()
| {
| if (sizeof ((size_t)))
| 	    return 0;
|   ;
|   return 0;
| }
configure:4316: result: yes
configure:4331: checking for stdlib.h
configure:4331: result: yes
configure:4341: checking for GNU libc compatible malloc
configure:4365: gcc -o conftest -g -O2   conftest.c  >&5
configure:4365: $? = 0
configure:4365: ./conftest
configure:4365: $? = 0
configure:4375: result: yes
configure:4399: checking for memset
configure:4399: gcc -o conftest -g -O2   conftest.c  >&5
conftest.c:57:6: warning: incompatible redeclaration of library function 'memset' [-Wincompatible-library-redeclaration]
char memset ();
     ^
conftest.c:57:6: note: 'memset' is a builtin with type 'void *(void *, int, unsigned long)'
1 warning generated.
configure:4399: $? = 0
configure:4399: result: yes
configure:4399: checking for socket
configure:4399: gcc -o conftest -g -O2   conftest.c  >&5
configure:4399: $? = 0
configure:4399: result: yes
configure:4399: checking for strstr
configure:4399: gcc -o conftest -g -O2   conftest.c  >&5
conftest.c:59:6: warning: incompatible redeclaration of library function 'strstr' [-Wincompatible-library-redeclaration]
char strstr ();
     ^
conftest.c:59:6: note: 'strstr' is a builtin with type 'char *(const char *, const char *)'
1 warning generated.
configure:4399: $? = 0
configure:4399: result: yes
configure:4399: checking for pthread_mutex_lock
configure:4399: gcc -o conftest -g -O2   conftest.c  >&5
configure:4399: $? = 0
configure:4399: result: yes
configure:4399: checking for snprintf
configure:4399: gcc -o conftest -g -O2   conftest.c  >&5
conftest.c:61:6: warning: incompatible redeclaration of library function 'snprintf' [-Wincompatible-library-redeclaration]
char snprintf ();
     ^
conftest.c:61:6: note: 'snprintf' is a builtin with type 'int (char *, unsigned long, const char *, ...)'
1 warning generated.
configure:4399: $? = 0
configure:4399: result: yes
configure:4399: checking for va_start
configure:4399: gcc -o conftest -g -O2   conftest.c  >&5
Undefined symbols for architecture x86_64:
  "_va_start", referenced from:
      _main in conftest-49c9c8.o
ld: symbol(s) not found for architecture x86_64
clang: error: linker command failed with exit code 1 (use -v to see invocation)
configure:4399: $? = 1
configure: failed program was:
| /* confdefs.h */
| #define PACKAGE_NAME "c00clupea"
| #define PACKAGE_TARNAME "c00clupea"
| #define PACKAGE_VERSION "01"
| #define PACKAGE_STRING "c00clupea 01"
| #define PACKAGE_BUGREPORT "christoph.pohl0@hm.edu"
| #define PACKAGE_URL ""
| #define PACKAGE "c00clupea"
| #define VERSION "01"
| #define STDC_HEADERS 1
| #define HAVE_SYS_TYPES_H 1
| #define HAVE_SYS_STAT_H 1
| #define HAVE_STDLIB_H 1
| #define HAVE_STRING_H 1
| #define HAVE_MEMORY_H 1
| #define HAVE_STRINGS_H 1
| #define HAVE_INTTYPES_H 1
| #define HAVE_STDINT_H 1
| #define HAVE_UNISTD_H 1
| #define HAVE_ARPA_INET_H 1
| #define HAVE_LIMITS_H 1
| #define HAVE_NETINET_IN_H 1
| #define HAVE_STDLIB_H 1
| #define HAVE_STRING_H 1
| #define HAVE_SYS_SOCKET_H 1
| #define HAVE_SYSLOG_H 1
| #define HAVE_UNISTD_H 1
| #define HAVE_STDARG_H 1
| #define HAVE_LIMITS_H 1
| #define HAVE_STDIO_H 1
| #define HAVE_STDLIB_H 1
| #define HAVE_MALLOC 1
| #define HAVE_MEMSET 1
| #define HAVE_SOCKET 1
| #define HAVE_STRSTR 1
| #define HAVE_PTHREAD_MUTEX_LOCK 1
| #define HAVE_SNPRINTF 1
| /* end confdefs.h.  */
| /* Define va_start to an innocuous variant, in case <limits.h> declares va_start.
|    For example, HP-UX 11i <limits.h> declares gettimeofday.  */
| #define va_start innocuous_va_start
| 
| /* System header to define __stub macros and hopefully few prototypes,
|     which can conflict with char va_start (); below.
|     Prefer <limits.h> to <assert.h> if __STDC__ is defined, since
|     <limits.h> exists even on freestanding compilers.  */
| 
| #ifdef __STDC__
| # include <limits.h>
| #else
| # include <assert.h>
| #endif
| 
| #undef va_start
| 
| /* Override any GCC internal prototype to avoid an error.
|    Use char because int might match the return type of a GCC
|    builtin and then its argument prototype would still apply.  */
| #ifdef __cplusplus
| extern "C"
| #endif
| char va_start ();
| /* The GNU C library defines this for functions which it implements
|     to always fail with ENOSYS.  Some functions are actually named
|     something starting with __ and the normal name is an alias.  */
| #if defined __stub_va_start || defined __stub___va_start
| choke me
| #endif
| 
| int
| main ()
| {
| return va_start ();
|   ;
|   return 0;
| }
configure:4399: result: no
configure:4399: checking for vsnprintf
configure:4399: gcc -o conftest -g -O2   conftest.c  >&5
conftest.c:62:6: warning: incompatible redeclaration of library function 'vsnprintf' [-Wincompatible-library-redeclaration]
char vsnprintf ();
     ^
conftest.c:62:6: note: 'vsnprintf' is a builtin with type 'int (char *, unsigned long, const char *, __va_list_tag *)'
1 warning generated.
configure:4399: $? = 0
configure:4399: result: yes
configure:4606: checking that generated files are newer than configure
configure:4612: result: done
configure:4635: creating ./config.status

## ---------------------- ##
## Running config.status. ##
## ---------------------- ##

This file was extended by c00clupea config.status 01, which was
generated by GNU Autoconf 2.69.  Invocation command line was

  CONFIG_FILES    = 
  CONFIG_HEADERS  = 
  CONFIG_LINKS    = 
  CONFIG_COMMANDS = 
  $ ./config.status 

on Christophs-MacBook-Pro-2.local

config.status:891: creating Makefile
config.status:891: creating src/Makefile
config.status:891: creating man/Makefile
config.status:891: creating src/conf.h
config.status:1120: executing depfiles commands
configure:6193: checking that generated files are newer than configure
configure:6199: result: done
configure:6226: creating ./config.status

## ---------------------- ##
## Running config.status. ##
## ---------------------- ##

This file was extended by c00clupea config.status 01, which was
generated by GNU Autoconf 2.69.  Invocation command line was

  CONFIG_FILES    = 
  CONFIG_HEADERS  = 
  CONFIG_LINKS    = 
  CONFIG_COMMANDS = 
  $ ./config.status 

on Christophs-MacBook-Pro-2.local

config.status:901: creating Makefile
config.status:901: creating src/Makefile
config.status:901: creating man/Makefile
config.status:901: creating src/conf.h
config.status:1130: executing depfiles commands

## ---------------- ##
## Cache variables. ##
## ---------------- ##

ac_cv_c_compiler_gnu=yes
ac_cv_env_ALLOWED_OPTS_set=
ac_cv_env_ALLOWED_OPTS_value=
ac_cv_env_CC_set=
ac_cv_env_CC_value=
ac_cv_env_CFLAGS_set=
ac_cv_env_CFLAGS_value=
ac_cv_env_CPPFLAGS_set=
ac_cv_env_CPPFLAGS_value=
ac_cv_env_CPP_set=
ac_cv_env_CPP_value=
ac_cv_env_INET_FAM_set=
ac_cv_env_INET_FAM_value=
ac_cv_env_LDFLAGS_set=
ac_cv_env_LDFLAGS_value=
ac_cv_env_LIBS_set=
ac_cv_env_LIBS_value=
ac_cv_env_LOG_MAIN_TEMPLATE_set=
ac_cv_env_LOG_MAIN_TEMPLATE_value=
ac_cv_env_MAINCONFIG_set=
ac_cv_env_MAINCONFIG_value=
ac_cv_env_MAIN_BUFFER_LEN_set=
ac_cv_env_MAIN_BUFFER_LEN_value=
ac_cv_env_STDERR_set=
ac_cv_env_STDERR_value=
ac_cv_env_STDLOG_set=
ac_cv_env_STDLOG_value=
ac_cv_env_STD_FLUSH_COUNT_set=
ac_cv_env_STD_FLUSH_COUNT_value=
ac_cv_env_STD_LOG_LEN_set=
ac_cv_env_STD_LOG_LEN_value=
ac_cv_env_STD_LOG_LVL_set=
ac_cv_env_STD_LOG_LVL_value=
ac_cv_env_STRAT_DEFAULT_set=
ac_cv_env_STRAT_DEFAULT_value=
ac_cv_env_SYSLOG_set=
ac_cv_env_SYSLOG_value=
ac_cv_env_TCP_BACKLOG_set=
ac_cv_env_TCP_BACKLOG_value=
ac_cv_env_WORKER_POOL_set=
ac_cv_env_WORKER_POOL_value=
ac_cv_env_build_alias_set=
ac_cv_env_build_alias_value=
ac_cv_env_host_alias_set=
ac_cv_env_host_alias_value=
ac_cv_env_target_alias_set=
ac_cv_env_target_alias_value=
ac_cv_func_malloc_0_nonnull=yes
ac_cv_func_memset=yes
ac_cv_func_pthread_mutex_lock=yes
ac_cv_func_snprintf=yes
ac_cv_func_socket=yes
ac_cv_func_strstr=yes
ac_cv_func_va_start=no
ac_cv_func_vsnprintf=yes
ac_cv_header_arpa_inet_h=yes
ac_cv_header_inttypes_h=yes
ac_cv_header_limits_h=yes
ac_cv_header_memory_h=yes
ac_cv_header_netinet_in_h=yes
ac_cv_header_stdarg_h=yes
ac_cv_header_stdc=yes
ac_cv_header_stdint_h=yes
ac_cv_header_stdio_h=yes
ac_cv_header_stdlib_h=yes
ac_cv_header_string_h=yes
ac_cv_header_strings_h=yes
ac_cv_header_sys_socket_h=yes
ac_cv_header_sys_stat_h=yes
ac_cv_header_sys_types_h=yes
ac_cv_header_syslog_h=yes
ac_cv_header_unistd_h=yes
ac_cv_objext=o
ac_cv_path_EGREP='/usr/bin/grep -E'
ac_cv_path_GREP=/usr/bin/grep
ac_cv_path_install='/usr/bin/install -c'
ac_cv_prog_AWK=awk
ac_cv_prog_CPP='gcc -E'
ac_cv_prog_ac_ct_CC=gcc
ac_cv_prog_cc_c89=
ac_cv_prog_cc_g=yes
ac_cv_prog_make_make_set=yes
ac_cv_type_size_t=yes
am_cv_CC_dependencies_compiler_type=gcc3
am_cv_make_support_nested_variables=yes
am_cv_prog_cc_c_o=yes

## ----------------- ##
## Output variables. ##
## ----------------- ##

ACLOCAL='${SHELL} /Users/sec15334/repositories/dissertation/sources/c00clupea/missing aclocal-1.14'
ALLOWED_OPTS=''
AMDEPBACKSLASH='\'
AMDEP_FALSE='#'
AMDEP_TRUE=''
AMTAR='$${TAR-tar}'
AM_BACKSLASH='\'
AM_DEFAULT_V='$(AM_DEFAULT_VERBOSITY)'
AM_DEFAULT_VERBOSITY='1'
AM_V='$(V)'
AUTOCONF='${SHELL} /Users/sec15334/repositories/dissertation/sources/c00clupea/missing autoconf'
AUTOHEADER='${SHELL} /Users/sec15334/repositories/dissertation/sources/c00clupea/missing autoheader'
AUTOMAKE='${SHELL} /Users/sec15334/repositories/dissertation/sources/c00clupea/missing automake-1.14'
AWK='awk'
CC='gcc'
CCDEPMODE='depmode=gcc3'
CFLAGS='-g -O2'
CPP='gcc -E'
CPPFLAGS=''
CYGPATH_W='echo'
DEFS='-DHAVE_CONFIG_H'
DEPDIR='.deps'
ECHO_C='\c'
ECHO_N=''
ECHO_T=''
EGREP='/usr/bin/grep -E'
EXEEXT=''
GREP='/usr/bin/grep'
INET_FAM=''
INSTALL_DATA='${INSTALL} -m 644'
INSTALL_PROGRAM='${INSTALL}'
INSTALL_SCRIPT='${INSTALL}'
INSTALL_STRIP_PROGRAM='$(install_sh) -c -s'
LDFLAGS=''
LIBOBJS=''
LIBS=''
LOG_MAIN_TEMPLATE=''
LTLIBOBJS=''
MAINCONFIG=''
MAIN_BUFFER_LEN=''
MAKEINFO='${SHELL} /Users/sec15334/repositories/dissertation/sources/c00clupea/missing makeinfo'
MKDIR_P='./install-sh -c -d'
OBJEXT='o'
PACKAGE='c00clupea'
PACKAGE_BUGREPORT='christoph.pohl0@hm.edu'
PACKAGE_NAME='c00clupea'
PACKAGE_STRING='c00clupea 01'
PACKAGE_TARNAME='c00clupea'
PACKAGE_URL=''
PACKAGE_VERSION='01'
PATH_SEPARATOR=':'
SET_MAKE=''
SHELL='/bin/sh'
STDERR=''
STDLOG=''
STD_FLUSH_COUNT=''
STD_LOG_LEN=''
STD_LOG_LVL=''
STRAT_DEFAULT=''
STRIP=''
SYSLOG=''
TCP_BACKLOG=''
VERSION='01'
WORKER_POOL=''
ac_ct_CC='gcc'
am__EXEEXT_FALSE=''
am__EXEEXT_TRUE='#'
am__fastdepCC_FALSE='#'
am__fastdepCC_TRUE=''
am__include='include'
am__isrc=''
am__leading_dot='.'
am__nodep='_no'
am__quote=''
am__tar='$${TAR-tar} chof - "$$tardir"'
am__untar='$${TAR-tar} xf -'
bindir='${exec_prefix}/bin'
build_alias=''
datadir='${datarootdir}'
datarootdir='${prefix}/share'
docdir='${datarootdir}/doc/${PACKAGE_TARNAME}'
dvidir='${docdir}'
exec_prefix='${prefix}'
host_alias=''
htmldir='${docdir}'
includedir='${prefix}/include'
infodir='${datarootdir}/info'
install_sh='${SHELL} /Users/sec15334/repositories/dissertation/sources/c00clupea/install-sh'
libdir='${exec_prefix}/lib'
libexecdir='${exec_prefix}/libexec'
localedir='${datarootdir}/locale'
localstatedir='${prefix}/var'
mandir='${datarootdir}/man'
mkdir_p='$(MKDIR_P)'
oldincludedir='/usr/include'
pdfdir='${docdir}'
prefix='/usr/local'
program_transform_name='s,x,x,'
psdir='${docdir}'
sbindir='${exec_prefix}/sbin'
sharedstatedir='${prefix}/com'
sysconfdir='${prefix}/etc'
target_alias=''

## ----------- ##
## confdefs.h. ##
## ----------- ##

/* confdefs.h */
#define PACKAGE_NAME "c00clupea"
#define PACKAGE_TARNAME "c00clupea"
#define PACKAGE_VERSION "01"
#define PACKAGE_STRING "c00clupea 01"
#define PACKAGE_BUGREPORT "christoph.pohl0@hm.edu"
#define PACKAGE_URL ""
#define PACKAGE "c00clupea"
#define VERSION "01"
#define STDC_HEADERS 1
#define HAVE_SYS_TYPES_H 1
#define HAVE_SYS_STAT_H 1
#define HAVE_STDLIB_H 1
#define HAVE_STRING_H 1
#define HAVE_MEMORY_H 1
#define HAVE_STRINGS_H 1
#define HAVE_INTTYPES_H 1
#define HAVE_STDINT_H 1
#define HAVE_UNISTD_H 1
#define HAVE_ARPA_INET_H 1
#define HAVE_LIMITS_H 1
#define HAVE_NETINET_IN_H 1
#define HAVE_STDLIB_H 1
#define HAVE_STRING_H 1
#define HAVE_SYS_SOCKET_H 1
#define HAVE_SYSLOG_H 1
#define HAVE_UNISTD_H 1
#define HAVE_STDARG_H 1
#define HAVE_LIMITS_H 1
#define HAVE_STDIO_H 1
#define HAVE_STDLIB_H 1
#define HAVE_MALLOC 1
#define HAVE_MEMSET 1
#define HAVE_SOCKET 1
#define HAVE_STRSTR 1
#define HAVE_PTHREAD_MUTEX_LOCK 1
#define HAVE_SNPRINTF 1
#define HAVE_VSNPRINTF 1
#define SYSLOG LOG_DAEMON
#define STDLOG LOG_NOTICE
#define WORKER_POOL 10
#define MAIN_BUFFER_LEN 1024
#define TCP_BACKLOG 128
#define STDERR stderr
#define STRAT_DEFAULT 0
#define STD_LOG_LVL 2
#define STD_LOG_LEN 1024
#define STD_FLUSH_COUNT 1
#define ALLOWED_OPTS "Vhp:b:c:s:"
#define INET_FAM AF_INET
#define MAINCONFIG "/etc/c00clupea/c00clupea.config"
#define LOG_MAIN_TEMPLATE "/var/log/c00clupea/c00clupea_%d.log"

configure: exit 0
