This file contains any messages produced by compilers while
running configure, to aid debugging if configure makes a mistake.

It was created by c00clupea configure 01, which was
generated by GNU Autoconf 2.69.  Invocation command line was

  $ ../configure 

## --------- ##
## Platform. ##
## --------- ##

hostname = develop.my.domain
uname -m = amd64
uname -r = 5.5
uname -s = OpenBSD
uname -v = GENERIC#271

/usr/bin/uname -p = amd64
/bin/uname -X     = unknown

/bin/arch              = unknown
/usr/bin/arch -k       = OpenBSD.amd64
/usr/convex/getsysinfo = unknown
/usr/bin/hostinfo      = unknown
/bin/machine           = unknown
/usr/bin/oslevel       = unknown
/bin/universe          = unknown

PATH: /home/develop/bin
PATH: /bin
PATH: /sbin
PATH: /usr/bin
PATH: /usr/sbin
PATH: /usr/X11R6/bin
PATH: /usr/local/bin
PATH: /usr/local/sbin
PATH: /usr/games
PATH: .


## ----------- ##
## Core tests. ##
## ----------- ##

configure:2228: checking for a BSD-compatible install
configure:2296: result: /usr/bin/install -c
configure:2307: checking whether build environment is sane
configure:2344: result: yes
configure:2406: checking for gawk
configure:2436: result: no
configure:2406: checking for mawk
configure:2436: result: no
configure:2406: checking for nawk
configure:2436: result: no
configure:2406: checking for awk
configure:2422: found /usr/bin/awk
configure:2433: result: awk
configure:2444: checking whether make sets $(MAKE)
configure:2466: result: yes
configure:2693: checking for gcc
configure:2709: found /usr/bin/gcc
configure:2720: result: gcc
configure:2949: checking for C compiler version
configure:2958: gcc --version >&5
gcc (GCC) 4.2.1 20070719 
Copyright (C) 2007 Free Software Foundation, Inc.
This is free software; see the source for copying conditions.  There is NO
warranty; not even for MERCHANTABILITY or FITNESS FOR A PARTICULAR PURPOSE.

configure:2969: $? = 0
configure:2958: gcc -v >&5
Reading specs from /usr/lib/gcc-lib/amd64-unknown-openbsd5.5/4.2.1/specs
Target: amd64-unknown-openbsd5.5
Configured with: OpenBSD/amd64 system compiler
Thread model: posix
gcc version 4.2.1 20070719 
configure:2969: $? = 0
configure:2958: gcc -V >&5
gcc: '-V' option must have argument
configure:2969: $? = 1
configure:2958: gcc -qversion >&5
gcc: unrecognized option '-qversion'
gcc: no input files
configure:2969: $? = 1
configure:2989: checking whether the C compiler works
configure:3011: gcc    conftest.c  >&5
configure:3015: $? = 0
configure:3063: result: yes
configure:3066: checking for C compiler default output file name
configure:3068: result: a.out
configure:3074: checking for suffix of executables
configure:3081: gcc -o conftest    conftest.c  >&5
configure:3085: $? = 0
configure:3107: result: 
configure:3129: checking whether we are cross compiling
configure:3137: gcc -o conftest    conftest.c  >&5
configure:3141: $? = 0
configure:3148: ./conftest
configure:3152: $? = 0
configure:3167: result: no
configure:3172: checking for suffix of object files
configure:3194: gcc -c   conftest.c >&5
configure:3198: $? = 0
configure:3219: result: o
configure:3223: checking whether we are using the GNU C compiler
configure:3242: gcc -c   conftest.c >&5
configure:3242: $? = 0
configure:3251: result: yes
configure:3260: checking whether gcc accepts -g
configure:3280: gcc -c -g  conftest.c >&5
configure:3280: $? = 0
configure:3321: result: yes
configure:3338: checking for gcc option to accept ISO C89
configure:3401: gcc  -c -g -O2  conftest.c >&5
configure:3401: $? = 0
configure:3414: result: none needed
configure:3445: checking for style of include used by make
configure:3473: result: GNU
configure:3501: checking dependency style of gcc
configure:3591: result: gcc3
configure:3618: checking how to run the C preprocessor
configure:3649: gcc -E  conftest.c
configure:3649: $? = 0
configure:3663: gcc -E  conftest.c
conftest.c:11:28: error: ac_nonexistent.h: No such file or directory
configure:3663: $? = 1
configure: failed program was:
| /* confdefs.h */
| #define PACKAGE_NAME "c00clupea"
| #define PACKAGE_TARNAME "c00clupea"
| #define PACKAGE_VERSION "01"
| #define PACKAGE_STRING "c00clupea 01"
| #define PACKAGE_BUGREPORT "christoph.pohl0@hm.edu"
| #define PACKAGE_URL ""
| #define PACKAGE "c00clupea"
| #define VERSION "01"
| /* end confdefs.h.  */
| #include <ac_nonexistent.h>
configure:3688: result: gcc -E
configure:3708: gcc -E  conftest.c
configure:3708: $? = 0
configure:3722: gcc -E  conftest.c
conftest.c:11:28: error: ac_nonexistent.h: No such file or directory
configure:3722: $? = 1
configure: failed program was:
| /* confdefs.h */
| #define PACKAGE_NAME "c00clupea"
| #define PACKAGE_TARNAME "c00clupea"
| #define PACKAGE_VERSION "01"
| #define PACKAGE_STRING "c00clupea 01"
| #define PACKAGE_BUGREPORT "christoph.pohl0@hm.edu"
| #define PACKAGE_URL ""
| #define PACKAGE "c00clupea"
| #define VERSION "01"
| /* end confdefs.h.  */
| #include <ac_nonexistent.h>
configure:3751: checking for grep that handles long lines and -e
configure:3809: result: /usr/bin/grep
configure:3814: checking for egrep
configure:3876: result: /usr/bin/grep -E
configure:3881: checking for ANSI C header files
configure:3901: gcc -c -g -O2  conftest.c >&5
configure:3901: $? = 0
configure:3974: gcc -o conftest -g -O2   conftest.c  >&5
configure:3974: $? = 0
configure:3974: ./conftest
configure:3974: $? = 0
configure:3985: result: yes
configure:3998: checking for sys/types.h
configure:3998: gcc -c -g -O2  conftest.c >&5
configure:3998: $? = 0
configure:3998: result: yes
configure:3998: checking for sys/stat.h
configure:3998: gcc -c -g -O2  conftest.c >&5
configure:3998: $? = 0
configure:3998: result: yes
configure:3998: checking for stdlib.h
configure:3998: gcc -c -g -O2  conftest.c >&5
configure:3998: $? = 0
configure:3998: result: yes
configure:3998: checking for string.h
configure:3998: gcc -c -g -O2  conftest.c >&5
configure:3998: $? = 0
configure:3998: result: yes
configure:3998: checking for memory.h
configure:3998: gcc -c -g -O2  conftest.c >&5
configure:3998: $? = 0
configure:3998: result: yes
configure:3998: checking for strings.h
configure:3998: gcc -c -g -O2  conftest.c >&5
configure:3998: $? = 0
configure:3998: result: yes
configure:3998: checking for inttypes.h
configure:3998: gcc -c -g -O2  conftest.c >&5
configure:3998: $? = 0
configure:3998: result: yes
configure:3998: checking for stdint.h
configure:3998: gcc -c -g -O2  conftest.c >&5
configure:3998: $? = 0
configure:3998: result: yes
configure:3998: checking for unistd.h
configure:3998: gcc -c -g -O2  conftest.c >&5
configure:3998: $? = 0
configure:3998: result: yes
configure:4013: checking arpa/inet.h usability
configure:4013: gcc -c -g -O2  conftest.c >&5
configure:4013: $? = 0
configure:4013: result: yes
configure:4013: checking arpa/inet.h presence
configure:4013: gcc -E  conftest.c
configure:4013: $? = 0
configure:4013: result: yes
configure:4013: checking for arpa/inet.h
configure:4013: result: yes
configure:4013: checking limits.h usability
configure:4013: gcc -c -g -O2  conftest.c >&5
configure:4013: $? = 0
configure:4013: result: yes
configure:4013: checking limits.h presence
configure:4013: gcc -E  conftest.c
configure:4013: $? = 0
configure:4013: result: yes
configure:4013: checking for limits.h
configure:4013: result: yes
configure:4013: checking netinet/in.h usability
configure:4013: gcc -c -g -O2  conftest.c >&5
configure:4013: $? = 0
configure:4013: result: yes
configure:4013: checking netinet/in.h presence
configure:4013: gcc -E  conftest.c
configure:4013: $? = 0
configure:4013: result: yes
configure:4013: checking for netinet/in.h
configure:4013: result: yes
configure:4013: checking for stdlib.h
configure:4013: result: yes
configure:4013: checking for string.h
configure:4013: result: yes
configure:4013: checking sys/socket.h usability
configure:4013: gcc -c -g -O2  conftest.c >&5
configure:4013: $? = 0
configure:4013: result: yes
configure:4013: checking sys/socket.h presence
configure:4013: gcc -E  conftest.c
configure:4013: $? = 0
configure:4013: result: yes
configure:4013: checking for sys/socket.h
configure:4013: result: yes
configure:4013: checking syslog.h usability
configure:4013: gcc -c -g -O2  conftest.c >&5
configure:4013: $? = 0
configure:4013: result: yes
configure:4013: checking syslog.h presence
configure:4013: gcc -E  conftest.c
configure:4013: $? = 0
configure:4013: result: yes
configure:4013: checking for syslog.h
configure:4013: result: yes
configure:4013: checking for unistd.h
configure:4013: result: yes
configure:4025: checking for size_t
configure:4025: gcc -c -g -O2  conftest.c >&5
configure:4025: $? = 0
configure:4025: gcc -c -g -O2  conftest.c >&5
conftest.c: In function 'main':
conftest.c:65: error: expected expression before ')' token
configure:4025: $? = 1
configure: failed program was:
| /* confdefs.h */
| #define PACKAGE_NAME "c00clupea"
| #define PACKAGE_TARNAME "c00clupea"
| #define PACKAGE_VERSION "01"
| #define PACKAGE_STRING "c00clupea 01"
| #define PACKAGE_BUGREPORT "christoph.pohl0@hm.edu"
| #define PACKAGE_URL ""
| #define PACKAGE "c00clupea"
| #define VERSION "01"
| #define STDC_HEADERS 1
| #define HAVE_SYS_TYPES_H 1
| #define HAVE_SYS_STAT_H 1
| #define HAVE_STDLIB_H 1
| #define HAVE_STRING_H 1
| #define HAVE_MEMORY_H 1
| #define HAVE_STRINGS_H 1
| #define HAVE_INTTYPES_H 1
| #define HAVE_STDINT_H 1
| #define HAVE_UNISTD_H 1
| #define HAVE_ARPA_INET_H 1
| #define HAVE_LIMITS_H 1
| #define HAVE_NETINET_IN_H 1
| #define HAVE_STDLIB_H 1
| #define HAVE_STRING_H 1
| #define HAVE_SYS_SOCKET_H 1
| #define HAVE_SYSLOG_H 1
| #define HAVE_UNISTD_H 1
| /* end confdefs.h.  */
| #include <stdio.h>
| #ifdef HAVE_SYS_TYPES_H
| # include <sys/types.h>
| #endif
| #ifdef HAVE_SYS_STAT_H
| # include <sys/stat.h>
| #endif
| #ifdef STDC_HEADERS
| # include <stdlib.h>
| # include <stddef.h>
| #else
| # ifdef HAVE_STDLIB_H
| #  include <stdlib.h>
| # endif
| #endif
| #ifdef HAVE_STRING_H
| # if !defined STDC_HEADERS && defined HAVE_MEMORY_H
| #  include <memory.h>
| # endif
| # include <string.h>
| #endif
| #ifdef HAVE_STRINGS_H
| # include <strings.h>
| #endif
| #ifdef HAVE_INTTYPES_H
| # include <inttypes.h>
| #endif
| #ifdef HAVE_STDINT_H
| # include <stdint.h>
| #endif
| #ifdef HAVE_UNISTD_H
| # include <unistd.h>
| #endif
| int
| main ()
| {
| if (sizeof ((size_t)))
| 	    return 0;
|   ;
|   return 0;
| }
configure:4025: result: yes
configure:4040: checking for stdlib.h
configure:4040: result: yes
configure:4050: checking for GNU libc compatible malloc
configure:4074: gcc -o conftest -g -O2   conftest.c  >&5
configure:4074: $? = 0
configure:4074: ./conftest
configure:4074: $? = 0
configure:4084: result: yes
configure:4108: checking for memset
configure:4108: gcc -o conftest -g -O2   conftest.c  >&5
conftest.c:54: warning: conflicting types for built-in function 'memset'
configure:4108: $? = 0
configure:4108: result: yes
configure:4108: checking for socket
configure:4108: gcc -o conftest -g -O2   conftest.c  >&5
configure:4108: $? = 0
configure:4108: result: yes
configure:4108: checking for strstr
configure:4108: gcc -o conftest -g -O2   conftest.c  >&5
conftest.c:56: warning: conflicting types for built-in function 'strstr'
configure:4108: $? = 0
configure:4108: result: yes
configure:4279: creating ./config.status

## ---------------------- ##
## Running config.status. ##
## ---------------------- ##

This file was extended by c00clupea config.status 01, which was
generated by GNU Autoconf 2.69.  Invocation command line was

  CONFIG_FILES    = 
  CONFIG_HEADERS  = 
  CONFIG_LINKS    = 
  CONFIG_COMMANDS = 
  $ ./config.status 

on develop.my.domain

config.status:768: creating Makefile
config.status:919: executing depfiles commands

## ---------------- ##
## Cache variables. ##
## ---------------- ##

ac_cv_c_compiler_gnu=yes
ac_cv_env_CC_set=
ac_cv_env_CC_value=
ac_cv_env_CFLAGS_set=
ac_cv_env_CFLAGS_value=
ac_cv_env_CPPFLAGS_set=
ac_cv_env_CPPFLAGS_value=
ac_cv_env_CPP_set=
ac_cv_env_CPP_value=
ac_cv_env_LDFLAGS_set=
ac_cv_env_LDFLAGS_value=
ac_cv_env_LIBS_set=
ac_cv_env_LIBS_value=
ac_cv_env_build_alias_set=
ac_cv_env_build_alias_value=
ac_cv_env_host_alias_set=
ac_cv_env_host_alias_value=
ac_cv_env_target_alias_set=
ac_cv_env_target_alias_value=
ac_cv_func_malloc_0_nonnull=yes
ac_cv_func_memset=yes
ac_cv_func_socket=yes
ac_cv_func_strstr=yes
ac_cv_header_arpa_inet_h=yes
ac_cv_header_inttypes_h=yes
ac_cv_header_limits_h=yes
ac_cv_header_memory_h=yes
ac_cv_header_netinet_in_h=yes
ac_cv_header_stdc=yes
ac_cv_header_stdint_h=yes
ac_cv_header_stdlib_h=yes
ac_cv_header_string_h=yes
ac_cv_header_strings_h=yes
ac_cv_header_sys_socket_h=yes
ac_cv_header_sys_stat_h=yes
ac_cv_header_sys_types_h=yes
ac_cv_header_syslog_h=yes
ac_cv_header_unistd_h=yes
ac_cv_objext=o
ac_cv_path_EGREP='/usr/bin/grep -E'
ac_cv_path_GREP=/usr/bin/grep
ac_cv_path_install='/usr/bin/install -c'
ac_cv_prog_AWK=awk
ac_cv_prog_CPP='gcc -E'
ac_cv_prog_ac_ct_CC=gcc
ac_cv_prog_cc_c89=
ac_cv_prog_cc_g=yes
ac_cv_prog_make_make_set=yes
ac_cv_type_size_t=yes
am_cv_CC_dependencies_compiler_type=gcc3

## ----------------- ##
## Output variables. ##
## ----------------- ##

ACLOCAL='${SHELL} /home/develop/c00clupea/missing --run aclocal-1.9'
AMDEPBACKSLASH='\'
AMDEP_FALSE='#'
AMDEP_TRUE=''
AMTAR='${SHELL} /home/develop/c00clupea/missing --run tar'
AUTOCONF='${SHELL} /home/develop/c00clupea/missing --run autoconf'
AUTOHEADER='${SHELL} /home/develop/c00clupea/missing --run autoheader'
AUTOMAKE='${SHELL} /home/develop/c00clupea/missing --run automake-1.9'
AWK='awk'
CC='gcc'
CCDEPMODE='depmode=gcc3'
CFLAGS='-g -O2'
CPP='gcc -E'
CPPFLAGS=''
CYGPATH_W='echo'
DEFS='-DPACKAGE_NAME=\"c00clupea\" -DPACKAGE_TARNAME=\"c00clupea\" -DPACKAGE_VERSION=\"01\" -DPACKAGE_STRING=\"c00clupea\ 01\" -DPACKAGE_BUGREPORT=\"christoph.pohl0@hm.edu\" -DPACKAGE_URL=\"\" -DPACKAGE=\"c00clupea\" -DVERSION=\"01\" -DSTDC_HEADERS=1 -DHAVE_SYS_TYPES_H=1 -DHAVE_SYS_STAT_H=1 -DHAVE_STDLIB_H=1 -DHAVE_STRING_H=1 -DHAVE_MEMORY_H=1 -DHAVE_STRINGS_H=1 -DHAVE_INTTYPES_H=1 -DHAVE_STDINT_H=1 -DHAVE_UNISTD_H=1 -DHAVE_ARPA_INET_H=1 -DHAVE_LIMITS_H=1 -DHAVE_NETINET_IN_H=1 -DHAVE_STDLIB_H=1 -DHAVE_STRING_H=1 -DHAVE_SYS_SOCKET_H=1 -DHAVE_SYSLOG_H=1 -DHAVE_UNISTD_H=1 -DHAVE_STDLIB_H=1 -DHAVE_MALLOC=1 -DHAVE_MEMSET=1 -DHAVE_SOCKET=1 -DHAVE_STRSTR=1'
DEPDIR='.deps'
ECHO_C=''
ECHO_N='-n'
ECHO_T=''
EGREP='/usr/bin/grep -E'
EXEEXT=''
GREP='/usr/bin/grep'
INSTALL_DATA='${INSTALL} -m 644'
INSTALL_PROGRAM='${INSTALL}'
INSTALL_SCRIPT='${INSTALL}'
INSTALL_STRIP_PROGRAM='${SHELL} $(install_sh) -c -s'
LDFLAGS=''
LIBOBJS=''
LIBS=''
LTLIBOBJS=''
MAKEINFO='${SHELL} /home/develop/c00clupea/missing --run makeinfo'
OBJEXT='o'
PACKAGE='c00clupea'
PACKAGE_BUGREPORT='christoph.pohl0@hm.edu'
PACKAGE_NAME='c00clupea'
PACKAGE_STRING='c00clupea 01'
PACKAGE_TARNAME='c00clupea'
PACKAGE_URL=''
PACKAGE_VERSION='01'
PATH_SEPARATOR=':'
SET_MAKE=''
SHELL='/bin/sh'
STRIP=''
VERSION='01'
ac_ct_CC='gcc'
am__fastdepCC_FALSE='#'
am__fastdepCC_TRUE=''
am__include='include'
am__leading_dot='.'
am__quote=''
am__tar='${AMTAR} chof - "$$tardir"'
am__untar='${AMTAR} xf -'
bindir='${exec_prefix}/bin'
build_alias=''
datadir='${datarootdir}'
datarootdir='${prefix}/share'
docdir='${datarootdir}/doc/${PACKAGE_TARNAME}'
dvidir='${docdir}'
exec_prefix='${prefix}'
host_alias=''
htmldir='${docdir}'
includedir='${prefix}/include'
infodir='${datarootdir}/info'
install_sh='/home/develop/c00clupea/install-sh'
libdir='${exec_prefix}/lib'
libexecdir='${exec_prefix}/libexec'
localedir='${datarootdir}/locale'
localstatedir='${prefix}/var'
mandir='${datarootdir}/man'
mkdir_p='$(SHELL) $(install_sh) -d'
oldincludedir='/usr/include'
pdfdir='${docdir}'
prefix='/usr/local'
program_transform_name='s,x,x,'
psdir='${docdir}'
sbindir='${exec_prefix}/sbin'
sharedstatedir='${prefix}/com'
sysconfdir='${prefix}/etc'
target_alias=''

## ----------- ##
## confdefs.h. ##
## ----------- ##

/* confdefs.h */
#define PACKAGE_NAME "c00clupea"
#define PACKAGE_TARNAME "c00clupea"
#define PACKAGE_VERSION "01"
#define PACKAGE_STRING "c00clupea 01"
#define PACKAGE_BUGREPORT "christoph.pohl0@hm.edu"
#define PACKAGE_URL ""
#define PACKAGE "c00clupea"
#define VERSION "01"
#define STDC_HEADERS 1
#define HAVE_SYS_TYPES_H 1
#define HAVE_SYS_STAT_H 1
#define HAVE_STDLIB_H 1
#define HAVE_STRING_H 1
#define HAVE_MEMORY_H 1
#define HAVE_STRINGS_H 1
#define HAVE_INTTYPES_H 1
#define HAVE_STDINT_H 1
#define HAVE_UNISTD_H 1
#define HAVE_ARPA_INET_H 1
#define HAVE_LIMITS_H 1
#define HAVE_NETINET_IN_H 1
#define HAVE_STDLIB_H 1
#define HAVE_STRING_H 1
#define HAVE_SYS_SOCKET_H 1
#define HAVE_SYSLOG_H 1
#define HAVE_UNISTD_H 1
#define HAVE_STDLIB_H 1
#define HAVE_MALLOC 1
#define HAVE_MEMSET 1
#define HAVE_SOCKET 1
#define HAVE_STRSTR 1

configure: exit 0
